<?xml version="1.0" encoding="UTF-8"?>
<!-- Generated by org.testng.reporters.JUnitXMLReporter -->
<testsuite ignored="1" hostname="Sibasankar" failures="0" tests="1" name="Default test" time="54.755" errors="0" timestamp="2022-02-02T14:28:12 IST">
  <testcase classname="com.crm.OrgTest.CreateOrganizationTest" name="createOrganizationwithIndustryandtypeTest" time="29.999"/>
  <testcase classname="com.crm.OrgTest.CreateOrganizationTest" name="createOrganizationTest" time="0.0">
    <ignored/>
  </testcase> <!-- createOrganizationTest -->
</testsuite> <!-- Default test -->
