<?xml version="1.0" encoding="UTF-8"?>
<!-- Generated by org.testng.reporters.JUnitXMLReporter -->
<testsuite ignored="2" hostname="Sibasankar" failures="0" tests="4" name="Test" time="199.01" errors="0" timestamp="2022-02-02T14:37:42 IST">
  <testcase classname="com.crm.Comcast.ContactTest.ContactContactTest" name="CreateOrganizationWithContactTest" time="48.307"/>
  <testcase classname="com.crm.Comcast.ContactTest.ContactContactTest" name="createcontactTest" time="19.248"/>
  <testcase classname="com.crm.OrgTest.CreateOrganizationTest" name="createOrganizationTest" time="31.026"/>
  <testcase classname="com.crm.OrgTest.CreateOrganizationTest" name="createOrganizationwithIndustryandtypeTest" time="29.731"/>
  <testcase classname="com.crm.generic.BaseClass" name="@BeforeSuite conFigBS" time="0.0">
    <ignored/>
  </testcase> <!-- @BeforeSuite conFigBS -->
  <testcase classname="com.crm.generic.BaseClass" name="@AfterSuite conFigAS" time="0.0">
    <ignored/>
  </testcase> <!-- @AfterSuite conFigAS -->
</testsuite> <!-- Test -->
