<?xml version="1.0" encoding="UTF-8"?>
<testng-results ignored="2" total="6" passed="4" failed="0" skipped="0">
  <reporter-output>
  </reporter-output>
  <suite started-at="2022-02-02T14:34:22 IST" name="Suite" finished-at="2022-02-02T14:37:41 IST" duration-ms="199010">
    <groups>
      <group name="regressionTest">
        <method signature="ContactContactTest.CreateOrganizationWithContactTest()[pri:0, instance:com.crm.Comcast.ContactTest.ContactContactTest@618425b5]" name="CreateOrganizationWithContactTest" class="com.crm.Comcast.ContactTest.ContactContactTest"/>
        <method signature="CreateOrganizationTest.createOrganizationwithIndustryandtypeTest()[pri:0, instance:com.crm.OrgTest.CreateOrganizationTest@7bd4937b]" name="createOrganizationwithIndustryandtypeTest" class="com.crm.OrgTest.CreateOrganizationTest"/>
      </group> <!-- regressionTest -->
      <group name="smokeTest">
        <method signature="ContactContactTest.createcontactTest()[pri:0, instance:com.crm.Comcast.ContactTest.ContactContactTest@618425b5]" name="createcontactTest" class="com.crm.Comcast.ContactTest.ContactContactTest"/>
        <method signature="CreateOrganizationTest.createOrganizationTest()[pri:0, instance:com.crm.OrgTest.CreateOrganizationTest@7bd4937b]" name="createOrganizationTest" class="com.crm.OrgTest.CreateOrganizationTest"/>
      </group> <!-- smokeTest -->
    </groups>
    <test started-at="2022-02-02T14:34:22 IST" name="Test" finished-at="2022-02-02T14:37:41 IST" duration-ms="199010">
      <class name="com.crm.OrgTest.CreateOrganizationTest">
        <test-method is-config="true" signature="conFigBC()[pri:0, instance:com.crm.OrgTest.CreateOrganizationTest@7bd4937b]" started-at="2022-02-02T14:36:00 IST" name="conFigBC" finished-at="2022-02-02T14:36:19 IST" duration-ms="19215" status="PASS">
          <reporter-output>
          </reporter-output>
        </test-method> <!-- conFigBC -->
        <test-method is-config="true" signature="conFigBM()[pri:0, instance:com.crm.OrgTest.CreateOrganizationTest@7bd4937b]" started-at="2022-02-02T14:36:19 IST" name="conFigBM" finished-at="2022-02-02T14:36:30 IST" duration-ms="10775" status="PASS">
          <reporter-output>
          </reporter-output>
        </test-method> <!-- conFigBM -->
        <test-method signature="createOrganizationTest()[pri:0, instance:com.crm.OrgTest.CreateOrganizationTest@7bd4937b]" started-at="2022-02-02T14:36:30 IST" name="createOrganizationTest" finished-at="2022-02-02T14:37:01 IST" duration-ms="31026" status="PASS">
          <reporter-output>
          </reporter-output>
        </test-method> <!-- createOrganizationTest -->
        <test-method is-config="true" signature="conFigAM()[pri:0, instance:com.crm.OrgTest.CreateOrganizationTest@7bd4937b]" started-at="2022-02-02T14:37:01 IST" name="conFigAM" finished-at="2022-02-02T14:37:05 IST" duration-ms="4293" status="PASS">
          <reporter-output>
          </reporter-output>
        </test-method> <!-- conFigAM -->
        <test-method is-config="true" signature="conFigBM()[pri:0, instance:com.crm.OrgTest.CreateOrganizationTest@7bd4937b]" started-at="2022-02-02T14:37:05 IST" name="conFigBM" finished-at="2022-02-02T14:37:08 IST" duration-ms="2864" status="PASS">
          <reporter-output>
          </reporter-output>
        </test-method> <!-- conFigBM -->
        <test-method signature="createOrganizationwithIndustryandtypeTest()[pri:0, instance:com.crm.OrgTest.CreateOrganizationTest@7bd4937b]" started-at="2022-02-02T14:37:08 IST" name="createOrganizationwithIndustryandtypeTest" finished-at="2022-02-02T14:37:38 IST" duration-ms="29731" status="PASS">
          <reporter-output>
          </reporter-output>
        </test-method> <!-- createOrganizationwithIndustryandtypeTest -->
        <test-method is-config="true" signature="conFigAM()[pri:0, instance:com.crm.OrgTest.CreateOrganizationTest@7bd4937b]" started-at="2022-02-02T14:37:38 IST" name="conFigAM" finished-at="2022-02-02T14:37:40 IST" duration-ms="2183" status="PASS">
          <reporter-output>
          </reporter-output>
        </test-method> <!-- conFigAM -->
        <test-method is-config="true" signature="conFigAC()[pri:0, instance:com.crm.OrgTest.CreateOrganizationTest@7bd4937b]" started-at="2022-02-02T14:37:40 IST" name="conFigAC" finished-at="2022-02-02T14:37:41 IST" duration-ms="1358" status="PASS">
          <reporter-output>
          </reporter-output>
        </test-method> <!-- conFigAC -->
      </class> <!-- com.crm.OrgTest.CreateOrganizationTest -->
      <class name="com.crm.Comcast.ContactTest.ContactContactTest">
        <test-method is-config="true" signature="conFigBS()[pri:0, instance:com.crm.Comcast.ContactTest.ContactContactTest@618425b5]" started-at="2022-02-02T14:34:22 IST" name="conFigBS" finished-at="2022-02-02T14:34:22 IST" duration-ms="9" status="PASS">
          <reporter-output>
          </reporter-output>
        </test-method> <!-- conFigBS -->
        <test-method is-config="true" signature="conFigBC()[pri:0, instance:com.crm.Comcast.ContactTest.ContactContactTest@618425b5]" started-at="2022-02-02T14:34:22 IST" name="conFigBC" finished-at="2022-02-02T14:34:34 IST" duration-ms="12341" status="PASS">
          <reporter-output>
          </reporter-output>
        </test-method> <!-- conFigBC -->
        <test-method is-config="true" signature="conFigBM()[pri:0, instance:com.crm.Comcast.ContactTest.ContactContactTest@618425b5]" started-at="2022-02-02T14:34:34 IST" name="conFigBM" finished-at="2022-02-02T14:34:39 IST" duration-ms="4658" status="PASS">
          <reporter-output>
          </reporter-output>
        </test-method> <!-- conFigBM -->
        <test-method signature="CreateOrganizationWithContactTest()[pri:0, instance:com.crm.Comcast.ContactTest.ContactContactTest@618425b5]" started-at="2022-02-02T14:34:39 IST" name="CreateOrganizationWithContactTest" finished-at="2022-02-02T14:35:27 IST" duration-ms="48307" status="PASS">
          <reporter-output>
          </reporter-output>
        </test-method> <!-- CreateOrganizationWithContactTest -->
        <test-method is-config="true" signature="conFigAM()[pri:0, instance:com.crm.Comcast.ContactTest.ContactContactTest@618425b5]" started-at="2022-02-02T14:35:27 IST" name="conFigAM" finished-at="2022-02-02T14:35:31 IST" duration-ms="3132" status="PASS">
          <reporter-output>
          </reporter-output>
        </test-method> <!-- conFigAM -->
        <test-method is-config="true" signature="conFigBM()[pri:0, instance:com.crm.Comcast.ContactTest.ContactContactTest@618425b5]" started-at="2022-02-02T14:35:31 IST" name="conFigBM" finished-at="2022-02-02T14:35:36 IST" duration-ms="5753" status="PASS">
          <reporter-output>
          </reporter-output>
        </test-method> <!-- conFigBM -->
        <test-method signature="createcontactTest()[pri:0, instance:com.crm.Comcast.ContactTest.ContactContactTest@618425b5]" started-at="2022-02-02T14:35:36 IST" name="createcontactTest" finished-at="2022-02-02T14:35:56 IST" duration-ms="19248" status="PASS">
          <reporter-output>
          </reporter-output>
        </test-method> <!-- createcontactTest -->
        <test-method is-config="true" signature="conFigAM()[pri:0, instance:com.crm.Comcast.ContactTest.ContactContactTest@618425b5]" started-at="2022-02-02T14:35:56 IST" name="conFigAM" finished-at="2022-02-02T14:35:58 IST" duration-ms="2133" status="PASS">
          <reporter-output>
          </reporter-output>
        </test-method> <!-- conFigAM -->
        <test-method is-config="true" signature="conFigAC()[pri:0, instance:com.crm.Comcast.ContactTest.ContactContactTest@618425b5]" started-at="2022-02-02T14:35:58 IST" name="conFigAC" finished-at="2022-02-02T14:36:00 IST" duration-ms="1910" status="PASS">
          <reporter-output>
          </reporter-output>
        </test-method> <!-- conFigAC -->
        <test-method is-config="true" signature="conFigAS()[pri:0, instance:com.crm.Comcast.ContactTest.ContactContactTest@618425b5]" started-at="2022-02-02T14:37:42 IST" name="conFigAS" finished-at="2022-02-02T14:37:42 IST" duration-ms="0" status="PASS">
          <reporter-output>
          </reporter-output>
        </test-method> <!-- conFigAS -->
      </class> <!-- com.crm.Comcast.ContactTest.ContactContactTest -->
    </test> <!-- Test -->
  </suite> <!-- Suite -->
</testng-results>
